2023-10-30 02:58:04,639 [INFO] backbone: efficientnetv2_s, logger: training6.log, batch_size: 16, epochs: 150,lr = 0.0001
2023-10-30 02:58:04,922 [INFO] Epoch: 0, Batch: 0, Loss" 1.7195451259613037
2023-10-30 02:58:05,271 [INFO] Epoch: 0, Accuracy: 23.076923076923077%
2023-10-30 02:58:09,912 [INFO] Epoch: 0, Batch: 10, Loss" 871015.5625
2023-10-30 02:58:10,295 [INFO] Epoch: 0, Accuracy: 42.30769230769231%
2023-10-30 02:58:14,967 [INFO] Epoch: 0, Batch: 20, Loss" 1353365.375
2023-10-30 02:58:15,305 [INFO] Epoch: 0, Accuracy: 44.23076923076923%
2023-10-30 02:58:19,379 [INFO] Epoch: 1, Batch: 0, Loss" 840406.5625
2023-10-30 02:58:19,698 [INFO] Epoch: 1, Accuracy: 28.846153846153847%
2023-10-30 02:58:24,350 [INFO] Epoch: 1, Batch: 10, Loss" 2253106.5
2023-10-30 02:58:24,675 [INFO] Epoch: 1, Accuracy: 19.23076923076923%
2023-10-30 02:58:29,282 [INFO] Epoch: 1, Batch: 20, Loss" 4476728.5
2023-10-30 02:58:29,601 [INFO] Epoch: 1, Accuracy: 40.38461538461539%
2023-10-30 02:58:33,578 [INFO] Epoch: 2, Batch: 0, Loss" 2649530.25
2023-10-30 02:58:33,894 [INFO] Epoch: 2, Accuracy: 15.384615384615385%
2023-10-30 02:58:38,976 [INFO] Epoch: 2, Batch: 10, Loss" 4231464.0
2023-10-30 02:58:39,298 [INFO] Epoch: 2, Accuracy: 25.0%
2023-10-30 02:58:44,283 [INFO] Epoch: 2, Batch: 20, Loss" 4589927.5
2023-10-30 02:58:44,663 [INFO] Epoch: 2, Accuracy: 21.153846153846153%
2023-10-30 02:58:48,905 [INFO] Epoch: 3, Batch: 0, Loss" 3984626.0
2023-10-30 02:58:49,213 [INFO] Epoch: 3, Accuracy: 11.538461538461538%
2023-10-30 02:58:54,297 [INFO] Epoch: 3, Batch: 10, Loss" 3661050.75
2023-10-30 02:58:54,722 [INFO] Epoch: 3, Accuracy: 19.23076923076923%
2023-10-30 02:58:59,938 [INFO] Epoch: 3, Batch: 20, Loss" 3244207.5
2023-10-30 02:59:00,320 [INFO] Epoch: 3, Accuracy: 36.53846153846154%
2023-10-30 02:59:04,332 [INFO] Epoch: 4, Batch: 0, Loss" 3117619.5
2023-10-30 02:59:04,651 [INFO] Epoch: 4, Accuracy: 34.61538461538461%
2023-10-30 02:59:09,192 [INFO] Epoch: 4, Batch: 10, Loss" 2588936.75
2023-10-30 02:59:09,502 [INFO] Epoch: 4, Accuracy: 38.46153846153846%
2023-10-30 02:59:14,638 [INFO] Epoch: 4, Batch: 20, Loss" 4134888.5
2023-10-30 02:59:15,024 [INFO] Epoch: 4, Accuracy: 23.076923076923077%
2023-10-30 02:59:19,369 [INFO] Epoch: 5, Batch: 0, Loss" 2332008.25
2023-10-30 02:59:19,705 [INFO] Epoch: 5, Accuracy: 34.61538461538461%
2023-10-30 02:59:24,450 [INFO] Epoch: 5, Batch: 10, Loss" 1870245.0
2023-10-30 02:59:24,773 [INFO] Epoch: 5, Accuracy: 44.23076923076923%
2023-10-30 02:59:29,421 [INFO] Epoch: 5, Batch: 20, Loss" 1813139.375
2023-10-30 02:59:29,743 [INFO] Epoch: 5, Accuracy: 25.0%
2023-10-30 02:59:34,425 [INFO] Epoch: 6, Batch: 0, Loss" 1595102.75
2023-10-30 02:59:34,875 [INFO] Epoch: 6, Accuracy: 30.76923076923077%
2023-10-30 02:59:40,220 [INFO] Epoch: 6, Batch: 10, Loss" 2383102.25
2023-10-30 02:59:40,690 [INFO] Epoch: 6, Accuracy: 36.53846153846154%
2023-10-30 02:59:45,538 [INFO] Epoch: 6, Batch: 20, Loss" 2716150.25
2023-10-30 02:59:45,872 [INFO] Epoch: 6, Accuracy: 28.846153846153847%
2023-10-30 03:02:58,698 [INFO] backbone: efficientnetv2_s, logger: training6.log, batch_size: 16, epochs: 150,lr = 0.01
2023-10-30 03:02:58,972 [INFO] Epoch: 0, Batch: 0, Loss" 2.673719882965088
2023-10-30 03:02:59,333 [INFO] Epoch: 0, Accuracy: 3.8461538461538463%
2023-10-30 03:03:04,038 [INFO] Epoch: 0, Batch: 10, Loss" 244474420658176.0
2023-10-30 03:03:04,355 [INFO] Epoch: 0, Accuracy: 46.15384615384615%
2023-10-30 03:03:09,667 [INFO] Epoch: 0, Batch: 20, Loss" 130245621448704.0
2023-10-30 03:03:09,997 [INFO] Epoch: 0, Accuracy: 9.615384615384615%
2023-10-30 03:03:14,743 [INFO] Epoch: 1, Batch: 0, Loss" 107878186745856.0
2023-10-30 03:03:15,147 [INFO] Epoch: 1, Accuracy: 28.846153846153847%
2023-10-30 03:03:19,815 [INFO] Epoch: 1, Batch: 10, Loss" 38454352150528.0
2023-10-30 03:03:20,132 [INFO] Epoch: 1, Accuracy: 11.538461538461538%
2023-10-30 03:03:25,428 [INFO] Epoch: 1, Batch: 20, Loss" 1.54368909246464e+16
2023-10-30 03:03:25,795 [INFO] Epoch: 1, Accuracy: 19.23076923076923%
2023-10-30 03:03:30,712 [INFO] Epoch: 2, Batch: 0, Loss" 335813023891456.0
2023-10-30 03:03:31,034 [INFO] Epoch: 2, Accuracy: 3.8461538461538463%
2023-10-30 03:03:35,683 [INFO] Epoch: 2, Batch: 10, Loss" 6.86523721669673e+17
2023-10-30 03:03:36,098 [INFO] Epoch: 2, Accuracy: 19.23076923076923%
2023-10-30 03:03:40,707 [INFO] Epoch: 2, Batch: 20, Loss" 6.086954782923162e+17
2023-10-30 03:03:41,018 [INFO] Epoch: 2, Accuracy: 19.23076923076923%
2023-10-30 03:03:45,646 [INFO] Epoch: 3, Batch: 0, Loss" 1.737272352351191e+19
2023-10-30 03:03:46,097 [INFO] Epoch: 3, Accuracy: 11.538461538461538%
2023-10-30 03:07:33,897 [INFO] backbone: resnet18, logger: training6.log, batch_size: 32, epochs: 150,lr = 0.001
2023-10-30 03:07:34,059 [INFO] Epoch: 0, Batch: 0, Loss" 1.6553188562393188
2023-10-30 03:07:34,226 [INFO] Epoch: 0, Accuracy: 7.6923076923076925%
2023-10-30 03:07:36,541 [INFO] Epoch: 0, Batch: 10, Loss" 1.4320522546768188
2023-10-30 03:07:36,681 [INFO] Epoch: 0, Accuracy: 48.07692307692308%
2023-10-30 03:07:37,712 [INFO] Epoch: 1, Batch: 0, Loss" 1.493157148361206
2023-10-30 03:07:37,849 [INFO] Epoch: 1, Accuracy: 48.07692307692308%
2023-10-30 03:07:40,113 [INFO] Epoch: 1, Batch: 10, Loss" 1.5242745876312256
2023-10-30 03:07:40,292 [INFO] Epoch: 1, Accuracy: 48.07692307692308%
2023-10-30 03:07:41,431 [INFO] Epoch: 2, Batch: 0, Loss" 1.378918170928955
2023-10-30 03:07:41,611 [INFO] Epoch: 2, Accuracy: 48.07692307692308%
2023-10-30 03:07:44,119 [INFO] Epoch: 2, Batch: 10, Loss" 1.5713874101638794
2023-10-30 03:07:44,292 [INFO] Epoch: 2, Accuracy: 48.07692307692308%
2023-10-30 03:07:45,410 [INFO] Epoch: 3, Batch: 0, Loss" 1.5289143323898315
2023-10-30 03:07:45,587 [INFO] Epoch: 3, Accuracy: 48.07692307692308%
2023-10-30 03:07:47,908 [INFO] Epoch: 3, Batch: 10, Loss" 1.463748574256897
2023-10-30 03:07:48,045 [INFO] Epoch: 3, Accuracy: 53.84615384615385%
2023-10-30 03:07:49,084 [INFO] Epoch: 4, Batch: 0, Loss" 1.3692827224731445
2023-10-30 03:07:49,224 [INFO] Epoch: 4, Accuracy: 50.0%
2023-10-30 03:07:51,520 [INFO] Epoch: 4, Batch: 10, Loss" 1.4706252813339233
2023-10-30 03:07:51,662 [INFO] Epoch: 4, Accuracy: 50.0%
2023-10-30 03:07:52,731 [INFO] Epoch: 5, Batch: 0, Loss" 1.3949651718139648
2023-10-30 03:07:52,901 [INFO] Epoch: 5, Accuracy: 50.0%
2023-10-30 03:07:55,516 [INFO] Epoch: 5, Batch: 10, Loss" 1.3415021896362305
2023-10-30 03:07:55,691 [INFO] Epoch: 5, Accuracy: 48.07692307692308%
2023-10-30 03:07:56,820 [INFO] Epoch: 6, Batch: 0, Loss" 1.4109511375427246
2023-10-30 03:07:56,992 [INFO] Epoch: 6, Accuracy: 48.07692307692308%
2023-10-30 03:07:59,329 [INFO] Epoch: 6, Batch: 10, Loss" 1.187765121459961
2023-10-30 03:07:59,476 [INFO] Epoch: 6, Accuracy: 48.07692307692308%
2023-10-30 03:08:00,494 [INFO] Epoch: 7, Batch: 0, Loss" 1.1617672443389893
2023-10-30 03:08:00,632 [INFO] Epoch: 7, Accuracy: 48.07692307692308%
2023-10-30 03:08:02,959 [INFO] Epoch: 7, Batch: 10, Loss" 1.2011266946792603
2023-10-30 03:08:03,129 [INFO] Epoch: 7, Accuracy: 51.92307692307692%
2023-10-30 03:08:04,254 [INFO] Epoch: 8, Batch: 0, Loss" 1.4801409244537354
2023-10-30 03:08:04,427 [INFO] Epoch: 8, Accuracy: 51.92307692307692%
2023-10-30 03:08:06,926 [INFO] Epoch: 8, Batch: 10, Loss" 1.1561808586120605
2023-10-30 03:08:07,125 [INFO] Epoch: 8, Accuracy: 44.23076923076923%
2023-10-30 03:08:08,272 [INFO] Epoch: 9, Batch: 0, Loss" 1.311537742614746
2023-10-30 03:08:08,451 [INFO] Epoch: 9, Accuracy: 50.0%
2023-10-30 03:08:10,995 [INFO] Epoch: 9, Batch: 10, Loss" 1.3393791913986206
2023-10-30 03:08:11,166 [INFO] Epoch: 9, Accuracy: 48.07692307692308%
2023-10-30 03:08:12,300 [INFO] Epoch: 10, Batch: 0, Loss" 1.3615506887435913
2023-10-30 03:08:12,473 [INFO] Epoch: 10, Accuracy: 48.07692307692308%
2023-10-30 03:08:15,091 [INFO] Epoch: 10, Batch: 10, Loss" 1.4734675884246826
2023-10-30 03:08:15,265 [INFO] Epoch: 10, Accuracy: 50.0%
2023-10-30 03:08:16,382 [INFO] Epoch: 11, Batch: 0, Loss" 1.338490605354309
2023-10-30 03:08:16,556 [INFO] Epoch: 11, Accuracy: 51.92307692307692%
2023-10-30 03:08:18,917 [INFO] Epoch: 11, Batch: 10, Loss" 1.2673434019088745
2023-10-30 03:08:19,065 [INFO] Epoch: 11, Accuracy: 51.92307692307692%
2023-10-30 03:08:20,062 [INFO] Epoch: 12, Batch: 0, Loss" 1.2480206489562988
2023-10-30 03:08:20,221 [INFO] Epoch: 12, Accuracy: 48.07692307692308%
2023-10-30 03:08:22,703 [INFO] Epoch: 12, Batch: 10, Loss" 1.1919721364974976
2023-10-30 03:08:22,881 [INFO] Epoch: 12, Accuracy: 50.0%
2023-10-30 03:08:24,035 [INFO] Epoch: 13, Batch: 0, Loss" 1.146694540977478
2023-10-30 03:08:24,215 [INFO] Epoch: 13, Accuracy: 55.76923076923077%
2023-10-30 03:08:26,777 [INFO] Epoch: 13, Batch: 10, Loss" 1.28142249584198
2023-10-30 03:08:26,949 [INFO] Epoch: 13, Accuracy: 55.76923076923077%
2023-10-30 03:08:28,083 [INFO] Epoch: 14, Batch: 0, Loss" 1.2665884494781494
2023-10-30 03:08:28,256 [INFO] Epoch: 14, Accuracy: 51.92307692307692%
2023-10-30 03:08:30,712 [INFO] Epoch: 14, Batch: 10, Loss" 1.0574666261672974
2023-10-30 03:08:30,853 [INFO] Epoch: 14, Accuracy: 50.0%
2023-10-30 03:08:31,888 [INFO] Epoch: 15, Batch: 0, Loss" 1.391088843345642
2023-10-30 03:08:32,065 [INFO] Epoch: 15, Accuracy: 51.92307692307692%
2023-10-30 03:08:34,631 [INFO] Epoch: 15, Batch: 10, Loss" 1.2079440355300903
2023-10-30 03:08:34,813 [INFO] Epoch: 15, Accuracy: 53.84615384615385%
2023-10-30 03:08:35,974 [INFO] Epoch: 16, Batch: 0, Loss" 1.0996400117874146
2023-10-30 03:08:36,149 [INFO] Epoch: 16, Accuracy: 53.84615384615385%
2023-10-30 03:08:38,954 [INFO] Epoch: 16, Batch: 10, Loss" 1.2166742086410522
2023-10-30 03:08:39,134 [INFO] Epoch: 16, Accuracy: 51.92307692307692%
2023-10-30 03:08:40,288 [INFO] Epoch: 17, Batch: 0, Loss" 1.349617838859558
2023-10-30 03:08:40,460 [INFO] Epoch: 17, Accuracy: 50.0%
2023-10-30 03:08:43,046 [INFO] Epoch: 17, Batch: 10, Loss" 1.2594517469406128
2023-10-30 03:08:43,224 [INFO] Epoch: 17, Accuracy: 51.92307692307692%
2023-10-30 03:08:44,362 [INFO] Epoch: 18, Batch: 0, Loss" 1.364925503730774
2023-10-30 03:08:44,544 [INFO] Epoch: 18, Accuracy: 53.84615384615385%
2023-10-30 03:08:47,445 [INFO] Epoch: 18, Batch: 10, Loss" 1.0896652936935425
2023-10-30 03:08:47,656 [INFO] Epoch: 18, Accuracy: 53.84615384615385%
2023-10-30 03:08:48,811 [INFO] Epoch: 19, Batch: 0, Loss" 1.0904244184494019
2023-10-30 03:08:48,989 [INFO] Epoch: 19, Accuracy: 50.0%
2023-10-30 03:08:51,629 [INFO] Epoch: 19, Batch: 10, Loss" 1.3270257711410522
2023-10-30 03:08:51,849 [INFO] Epoch: 19, Accuracy: 50.0%
2023-10-30 03:08:52,908 [INFO] Epoch: 20, Batch: 0, Loss" 0.9387596249580383
2023-10-30 03:08:53,050 [INFO] Epoch: 20, Accuracy: 46.15384615384615%
2023-10-30 03:08:55,336 [INFO] Epoch: 20, Batch: 10, Loss" 1.2673735618591309
2023-10-30 03:08:55,481 [INFO] Epoch: 20, Accuracy: 51.92307692307692%
2023-10-30 03:08:56,486 [INFO] Epoch: 21, Batch: 0, Loss" 1.2414343357086182
2023-10-30 03:08:56,633 [INFO] Epoch: 21, Accuracy: 59.61538461538461%
2023-10-30 03:08:59,125 [INFO] Epoch: 21, Batch: 10, Loss" 1.0855718851089478
2023-10-30 03:08:59,302 [INFO] Epoch: 21, Accuracy: 50.0%
2023-10-30 03:09:00,420 [INFO] Epoch: 22, Batch: 0, Loss" 1.4934208393096924
2023-10-30 03:09:00,597 [INFO] Epoch: 22, Accuracy: 50.0%
2023-10-30 03:09:02,935 [INFO] Epoch: 22, Batch: 10, Loss" 0.9916114211082458
2023-10-30 03:09:03,080 [INFO] Epoch: 22, Accuracy: 50.0%
2023-10-30 03:09:04,092 [INFO] Epoch: 23, Batch: 0, Loss" 1.0302019119262695
2023-10-30 03:09:04,244 [INFO] Epoch: 23, Accuracy: 48.07692307692308%
2023-10-30 03:09:06,602 [INFO] Epoch: 23, Batch: 10, Loss" 0.9766693711280823
2023-10-30 03:09:06,775 [INFO] Epoch: 23, Accuracy: 55.76923076923077%
2023-10-30 03:09:07,941 [INFO] Epoch: 24, Batch: 0, Loss" 1.0805833339691162
2023-10-30 03:09:08,127 [INFO] Epoch: 24, Accuracy: 50.0%
2023-10-30 03:09:10,709 [INFO] Epoch: 24, Batch: 10, Loss" 1.025047779083252
2023-10-30 03:09:10,886 [INFO] Epoch: 24, Accuracy: 57.69230769230769%
2023-10-30 03:09:12,025 [INFO] Epoch: 25, Batch: 0, Loss" 1.2486099004745483
2023-10-30 03:09:12,210 [INFO] Epoch: 25, Accuracy: 51.92307692307692%
2023-10-30 03:09:15,032 [INFO] Epoch: 25, Batch: 10, Loss" 1.2571897506713867
2023-10-30 03:09:15,209 [INFO] Epoch: 25, Accuracy: 57.69230769230769%
2023-10-30 03:09:16,380 [INFO] Epoch: 26, Batch: 0, Loss" 1.2568165063858032
2023-10-30 03:09:16,553 [INFO] Epoch: 26, Accuracy: 48.07692307692308%
2023-10-30 03:09:19,411 [INFO] Epoch: 26, Batch: 10, Loss" 0.9732625484466553
2023-10-30 03:09:19,592 [INFO] Epoch: 26, Accuracy: 51.92307692307692%
2023-10-30 03:09:20,813 [INFO] Epoch: 27, Batch: 0, Loss" 1.0797334909439087
2023-10-30 03:09:21,002 [INFO] Epoch: 27, Accuracy: 57.69230769230769%
2023-10-30 03:09:24,036 [INFO] Epoch: 27, Batch: 10, Loss" 1.0953600406646729
2023-10-30 03:09:24,182 [INFO] Epoch: 27, Accuracy: 55.76923076923077%
2023-10-30 03:09:25,245 [INFO] Epoch: 28, Batch: 0, Loss" 1.0768829584121704
2023-10-30 03:09:25,396 [INFO] Epoch: 28, Accuracy: 50.0%
2023-10-30 03:09:27,727 [INFO] Epoch: 28, Batch: 10, Loss" 1.0120761394500732
2023-10-30 03:09:27,868 [INFO] Epoch: 28, Accuracy: 50.0%
2023-10-30 03:09:28,897 [INFO] Epoch: 29, Batch: 0, Loss" 1.107425332069397
2023-10-30 03:09:29,045 [INFO] Epoch: 29, Accuracy: 48.07692307692308%
2023-10-30 03:09:31,503 [INFO] Epoch: 29, Batch: 10, Loss" 1.3258075714111328
2023-10-30 03:09:31,672 [INFO] Epoch: 29, Accuracy: 55.76923076923077%
2023-10-30 03:09:32,809 [INFO] Epoch: 30, Batch: 0, Loss" 1.0587741136550903
2023-10-30 03:09:32,979 [INFO] Epoch: 30, Accuracy: 59.61538461538461%
2023-10-30 03:09:35,561 [INFO] Epoch: 30, Batch: 10, Loss" 1.0201338529586792
2023-10-30 03:09:35,739 [INFO] Epoch: 30, Accuracy: 59.61538461538461%
2023-10-30 03:09:36,903 [INFO] Epoch: 31, Batch: 0, Loss" 0.9093100428581238
2023-10-30 03:09:37,071 [INFO] Epoch: 31, Accuracy: 53.84615384615385%
2023-10-30 03:09:39,643 [INFO] Epoch: 31, Batch: 10, Loss" 0.8846026659011841
2023-10-30 03:09:39,813 [INFO] Epoch: 31, Accuracy: 53.84615384615385%
2023-10-30 03:09:40,951 [INFO] Epoch: 32, Batch: 0, Loss" 0.9975166916847229
2023-10-30 03:09:41,139 [INFO] Epoch: 32, Accuracy: 51.92307692307692%
2023-10-30 03:09:43,663 [INFO] Epoch: 32, Batch: 10, Loss" 1.075322151184082
2023-10-30 03:09:43,851 [INFO] Epoch: 32, Accuracy: 57.69230769230769%
2023-10-30 03:09:45,035 [INFO] Epoch: 33, Batch: 0, Loss" 1.1806389093399048
2023-10-30 03:09:45,255 [INFO] Epoch: 33, Accuracy: 53.84615384615385%
2023-10-30 03:09:47,959 [INFO] Epoch: 33, Batch: 10, Loss" 0.8717541694641113
2023-10-30 03:09:48,136 [INFO] Epoch: 33, Accuracy: 55.76923076923077%
2023-10-30 03:09:49,326 [INFO] Epoch: 34, Batch: 0, Loss" 0.6924325227737427
2023-10-30 03:09:49,504 [INFO] Epoch: 34, Accuracy: 59.61538461538461%
2023-10-30 03:09:52,122 [INFO] Epoch: 34, Batch: 10, Loss" 1.0455889701843262
2023-10-30 03:09:52,295 [INFO] Epoch: 34, Accuracy: 53.84615384615385%
2023-10-30 03:09:53,434 [INFO] Epoch: 35, Batch: 0, Loss" 0.8197161555290222
2023-10-30 03:09:53,627 [INFO] Epoch: 35, Accuracy: 59.61538461538461%
2023-10-30 03:09:56,444 [INFO] Epoch: 35, Batch: 10, Loss" 0.702807605266571
2023-10-30 03:09:56,612 [INFO] Epoch: 35, Accuracy: 59.61538461538461%
2023-10-30 03:09:57,720 [INFO] Epoch: 36, Batch: 0, Loss" 0.8016137480735779
2023-10-30 03:09:57,885 [INFO] Epoch: 36, Accuracy: 57.69230769230769%
2023-10-30 03:10:00,370 [INFO] Epoch: 36, Batch: 10, Loss" 0.9365658760070801
2023-10-30 03:10:00,539 [INFO] Epoch: 36, Accuracy: 50.0%
2023-10-30 03:10:01,634 [INFO] Epoch: 37, Batch: 0, Loss" 0.783997118473053
2023-10-30 03:10:01,803 [INFO] Epoch: 37, Accuracy: 59.61538461538461%
2023-10-30 03:10:04,136 [INFO] Epoch: 37, Batch: 10, Loss" 0.9510897397994995
2023-10-30 03:10:04,278 [INFO] Epoch: 37, Accuracy: 53.84615384615385%
2023-10-30 03:10:05,267 [INFO] Epoch: 38, Batch: 0, Loss" 0.6481756567955017
2023-10-30 03:10:05,439 [INFO] Epoch: 38, Accuracy: 57.69230769230769%
2023-10-30 03:10:08,025 [INFO] Epoch: 38, Batch: 10, Loss" 1.0633515119552612
2023-10-30 03:10:08,230 [INFO] Epoch: 38, Accuracy: 50.0%
2023-10-30 03:10:09,461 [INFO] Epoch: 39, Batch: 0, Loss" 0.7807677388191223
2023-10-30 03:10:09,677 [INFO] Epoch: 39, Accuracy: 50.0%
2023-10-30 03:10:12,214 [INFO] Epoch: 39, Batch: 10, Loss" 0.8197739124298096
2023-10-30 03:10:12,397 [INFO] Epoch: 39, Accuracy: 51.92307692307692%
2023-10-30 03:10:13,672 [INFO] Epoch: 40, Batch: 0, Loss" 0.7250111103057861
2023-10-30 03:10:13,848 [INFO] Epoch: 40, Accuracy: 46.15384615384615%
2023-10-30 03:10:16,252 [INFO] Epoch: 40, Batch: 10, Loss" 1.2058061361312866
2023-10-30 03:10:16,396 [INFO] Epoch: 40, Accuracy: 53.84615384615385%
2023-10-30 03:10:17,405 [INFO] Epoch: 41, Batch: 0, Loss" 0.753227174282074
2023-10-30 03:10:17,547 [INFO] Epoch: 41, Accuracy: 48.07692307692308%
2023-10-30 03:10:19,953 [INFO] Epoch: 41, Batch: 10, Loss" 0.7854036092758179
2023-10-30 03:10:20,124 [INFO] Epoch: 41, Accuracy: 46.15384615384615%
2023-10-30 03:10:21,283 [INFO] Epoch: 42, Batch: 0, Loss" 0.7011987566947937
2023-10-30 03:10:21,462 [INFO] Epoch: 42, Accuracy: 50.0%
2023-10-30 03:10:23,940 [INFO] Epoch: 42, Batch: 10, Loss" 0.6221469044685364
2023-10-30 03:10:24,113 [INFO] Epoch: 42, Accuracy: 51.92307692307692%
2023-10-30 03:10:25,265 [INFO] Epoch: 43, Batch: 0, Loss" 0.9411137104034424
2023-10-30 03:10:25,437 [INFO] Epoch: 43, Accuracy: 38.46153846153846%
2023-10-30 03:10:27,739 [INFO] Epoch: 43, Batch: 10, Loss" 0.4726789593696594
2023-10-30 03:10:27,880 [INFO] Epoch: 43, Accuracy: 44.23076923076923%
2023-10-30 03:10:28,882 [INFO] Epoch: 44, Batch: 0, Loss" 0.4260179102420807
2023-10-30 03:10:29,024 [INFO] Epoch: 44, Accuracy: 46.15384615384615%
2023-10-30 03:10:31,293 [INFO] Epoch: 44, Batch: 10, Loss" 0.7931386828422546
2023-10-30 03:10:31,440 [INFO] Epoch: 44, Accuracy: 48.07692307692308%
2023-10-30 03:10:32,446 [INFO] Epoch: 45, Batch: 0, Loss" 0.6590889692306519
2023-10-30 03:10:32,600 [INFO] Epoch: 45, Accuracy: 50.0%
2023-10-30 03:10:34,931 [INFO] Epoch: 45, Batch: 10, Loss" 0.4582482874393463
2023-10-30 03:10:35,089 [INFO] Epoch: 45, Accuracy: 38.46153846153846%
2023-10-30 03:10:36,241 [INFO] Epoch: 46, Batch: 0, Loss" 0.6462594270706177
2023-10-30 03:10:36,427 [INFO] Epoch: 46, Accuracy: 55.76923076923077%
2023-10-30 03:10:38,925 [INFO] Epoch: 46, Batch: 10, Loss" 0.4786168336868286
2023-10-30 03:10:39,067 [INFO] Epoch: 46, Accuracy: 48.07692307692308%
2023-10-30 03:10:40,084 [INFO] Epoch: 47, Batch: 0, Loss" 0.34623804688453674
2023-10-30 03:10:40,237 [INFO] Epoch: 47, Accuracy: 42.30769230769231%
2023-10-30 03:10:42,526 [INFO] Epoch: 47, Batch: 10, Loss" 1.010509967803955
2023-10-30 03:10:42,675 [INFO] Epoch: 47, Accuracy: 51.92307692307692%
2023-10-30 03:10:43,699 [INFO] Epoch: 48, Batch: 0, Loss" 0.2998630404472351
2023-10-30 03:10:43,869 [INFO] Epoch: 48, Accuracy: 36.53846153846154%
2023-10-30 03:10:46,383 [INFO] Epoch: 48, Batch: 10, Loss" 0.222724050283432
2023-10-30 03:10:46,563 [INFO] Epoch: 48, Accuracy: 48.07692307692308%
2023-10-30 03:10:47,708 [INFO] Epoch: 49, Batch: 0, Loss" 0.4953433573246002
2023-10-30 03:10:47,887 [INFO] Epoch: 49, Accuracy: 46.15384615384615%
2023-10-30 03:10:50,412 [INFO] Epoch: 49, Batch: 10, Loss" 0.3795107901096344
2023-10-30 03:10:50,600 [INFO] Epoch: 49, Accuracy: 50.0%
2023-10-30 03:10:51,734 [INFO] Epoch: 50, Batch: 0, Loss" 0.4746929109096527
2023-10-30 03:10:51,907 [INFO] Epoch: 50, Accuracy: 40.38461538461539%
2023-10-30 03:10:54,173 [INFO] Epoch: 50, Batch: 10, Loss" 0.10600656270980835
2023-10-30 03:10:54,321 [INFO] Epoch: 50, Accuracy: 42.30769230769231%
2023-10-30 03:10:55,319 [INFO] Epoch: 51, Batch: 0, Loss" 0.11699383705854416
2023-10-30 03:10:55,468 [INFO] Epoch: 51, Accuracy: 26.923076923076923%
2023-10-30 03:10:57,735 [INFO] Epoch: 51, Batch: 10, Loss" 0.6806653141975403
2023-10-30 03:10:57,876 [INFO] Epoch: 51, Accuracy: 46.15384615384615%
2023-10-30 03:10:58,949 [INFO] Epoch: 52, Batch: 0, Loss" 0.2096746861934662
2023-10-30 03:10:59,158 [INFO] Epoch: 52, Accuracy: 36.53846153846154%
2023-10-30 03:11:01,906 [INFO] Epoch: 52, Batch: 10, Loss" 0.22900483012199402
2023-10-30 03:11:02,083 [INFO] Epoch: 52, Accuracy: 53.84615384615385%
2023-10-30 03:11:03,211 [INFO] Epoch: 53, Batch: 0, Loss" 0.3160031735897064
2023-10-30 03:11:03,389 [INFO] Epoch: 53, Accuracy: 38.46153846153846%
2023-10-30 03:11:05,792 [INFO] Epoch: 53, Batch: 10, Loss" 0.0947156697511673
2023-10-30 03:11:05,941 [INFO] Epoch: 53, Accuracy: 50.0%
2023-10-30 03:11:06,941 [INFO] Epoch: 54, Batch: 0, Loss" 0.07558416575193405
2023-10-30 03:11:07,096 [INFO] Epoch: 54, Accuracy: 50.0%
2023-10-30 03:11:09,411 [INFO] Epoch: 54, Batch: 10, Loss" 0.07678680866956711
2023-10-30 03:11:09,583 [INFO] Epoch: 54, Accuracy: 46.15384615384615%
2023-10-30 03:11:10,709 [INFO] Epoch: 55, Batch: 0, Loss" 0.057644862681627274
2023-10-30 03:11:10,887 [INFO] Epoch: 55, Accuracy: 40.38461538461539%
2023-10-30 03:11:13,450 [INFO] Epoch: 55, Batch: 10, Loss" 0.07545798271894455
2023-10-30 03:11:13,622 [INFO] Epoch: 55, Accuracy: 32.69230769230769%
2023-10-30 03:11:14,685 [INFO] Epoch: 56, Batch: 0, Loss" 0.0927911326289177
2023-10-30 03:11:14,826 [INFO] Epoch: 56, Accuracy: 42.30769230769231%
2023-10-30 03:11:17,081 [INFO] Epoch: 56, Batch: 10, Loss" 0.010964645072817802
2023-10-30 03:11:17,226 [INFO] Epoch: 56, Accuracy: 44.23076923076923%
2023-10-30 03:11:18,236 [INFO] Epoch: 57, Batch: 0, Loss" 0.15558084845542908
2023-10-30 03:11:18,390 [INFO] Epoch: 57, Accuracy: 50.0%
2023-10-30 03:11:20,872 [INFO] Epoch: 57, Batch: 10, Loss" 0.058208782225847244
2023-10-30 03:11:21,046 [INFO] Epoch: 57, Accuracy: 46.15384615384615%
2023-10-30 03:11:22,195 [INFO] Epoch: 58, Batch: 0, Loss" 0.02204243279993534
2023-10-30 03:11:22,376 [INFO] Epoch: 58, Accuracy: 42.30769230769231%
2023-10-30 03:11:24,728 [INFO] Epoch: 58, Batch: 10, Loss" 0.0649811401963234
2023-10-30 03:11:24,868 [INFO] Epoch: 58, Accuracy: 46.15384615384615%
2023-10-30 03:11:25,848 [INFO] Epoch: 59, Batch: 0, Loss" 0.004184380639344454
2023-10-30 03:11:25,993 [INFO] Epoch: 59, Accuracy: 44.23076923076923%
2023-10-30 03:11:28,324 [INFO] Epoch: 59, Batch: 10, Loss" 0.004844211507588625
2023-10-30 03:11:28,463 [INFO] Epoch: 59, Accuracy: 46.15384615384615%
2023-10-30 03:11:29,544 [INFO] Epoch: 60, Batch: 0, Loss" 0.0016721802530810237
2023-10-30 03:11:29,693 [INFO] Epoch: 60, Accuracy: 42.30769230769231%
2023-10-30 03:11:31,970 [INFO] Epoch: 60, Batch: 10, Loss" 0.004429963417351246
2023-10-30 03:11:32,110 [INFO] Epoch: 60, Accuracy: 44.23076923076923%
2023-10-30 03:11:33,102 [INFO] Epoch: 61, Batch: 0, Loss" 0.003781216451898217
2023-10-30 03:11:33,244 [INFO] Epoch: 61, Accuracy: 46.15384615384615%
2023-10-30 03:11:35,488 [INFO] Epoch: 61, Batch: 10, Loss" 0.0023561075795441866
2023-10-30 03:11:35,632 [INFO] Epoch: 61, Accuracy: 46.15384615384615%
2023-10-30 03:11:36,645 [INFO] Epoch: 62, Batch: 0, Loss" 0.0015782472910359502
2023-10-30 03:11:36,793 [INFO] Epoch: 62, Accuracy: 46.15384615384615%
2023-10-30 03:11:39,204 [INFO] Epoch: 62, Batch: 10, Loss" 0.0011646796483546495
2023-10-30 03:11:39,388 [INFO] Epoch: 62, Accuracy: 46.15384615384615%
2023-10-30 03:11:40,533 [INFO] Epoch: 63, Batch: 0, Loss" 0.0005562530132010579
2023-10-30 03:11:40,716 [INFO] Epoch: 63, Accuracy: 44.23076923076923%
2023-10-30 03:11:43,224 [INFO] Epoch: 63, Batch: 10, Loss" 0.0004083374224137515
2023-10-30 03:11:43,394 [INFO] Epoch: 63, Accuracy: 46.15384615384615%
2023-10-30 03:11:44,544 [INFO] Epoch: 64, Batch: 0, Loss" 0.0005209812661632895
2023-10-30 03:11:44,717 [INFO] Epoch: 64, Accuracy: 46.15384615384615%
2023-10-30 03:11:47,360 [INFO] Epoch: 64, Batch: 10, Loss" 0.0005500555271282792
2023-10-30 03:11:47,526 [INFO] Epoch: 64, Accuracy: 46.15384615384615%
2023-10-30 03:11:48,650 [INFO] Epoch: 65, Batch: 0, Loss" 0.00039655991713516414
2023-10-30 03:11:48,819 [INFO] Epoch: 65, Accuracy: 46.15384615384615%
2023-10-30 03:11:51,113 [INFO] Epoch: 65, Batch: 10, Loss" 0.000491273240186274
2023-10-30 03:11:51,251 [INFO] Epoch: 65, Accuracy: 46.15384615384615%
2023-10-30 03:11:52,278 [INFO] Epoch: 66, Batch: 0, Loss" 0.0003314246132504195
2023-10-30 03:11:52,421 [INFO] Epoch: 66, Accuracy: 46.15384615384615%
2023-10-30 03:11:54,751 [INFO] Epoch: 66, Batch: 10, Loss" 0.00031931884586811066
2023-10-30 03:11:54,898 [INFO] Epoch: 66, Accuracy: 46.15384615384615%
2023-10-30 03:11:55,909 [INFO] Epoch: 67, Batch: 0, Loss" 0.00010275036038365215
2023-10-30 03:11:56,050 [INFO] Epoch: 67, Accuracy: 48.07692307692308%
2023-10-30 03:11:58,371 [INFO] Epoch: 67, Batch: 10, Loss" 4.9246951675741e-05
2023-10-30 03:11:58,519 [INFO] Epoch: 67, Accuracy: 44.23076923076923%
2023-10-30 03:11:59,640 [INFO] Epoch: 68, Batch: 0, Loss" 9.116103319684044e-05
2023-10-30 03:11:59,815 [INFO] Epoch: 68, Accuracy: 48.07692307692308%
2023-10-30 03:12:02,425 [INFO] Epoch: 68, Batch: 10, Loss" 0.00016235360817518085
2023-10-30 03:12:02,618 [INFO] Epoch: 68, Accuracy: 46.15384615384615%
2023-10-30 03:12:03,777 [INFO] Epoch: 69, Batch: 0, Loss" 8.205334597732872e-05
2023-10-30 03:12:03,954 [INFO] Epoch: 69, Accuracy: 44.23076923076923%
2023-10-30 03:12:06,561 [INFO] Epoch: 69, Batch: 10, Loss" 0.00010889783152379096
2023-10-30 03:12:06,746 [INFO] Epoch: 69, Accuracy: 46.15384615384615%
2023-10-30 03:12:07,905 [INFO] Epoch: 70, Batch: 0, Loss" 2.4516324629075825e-05
2023-10-30 03:12:08,050 [INFO] Epoch: 70, Accuracy: 46.15384615384615%
2023-10-30 03:12:10,374 [INFO] Epoch: 70, Batch: 10, Loss" 2.141182812920306e-05
2023-10-30 03:12:10,519 [INFO] Epoch: 70, Accuracy: 42.30769230769231%
2023-10-30 03:12:11,525 [INFO] Epoch: 71, Batch: 0, Loss" 2.5903911591740325e-05
2023-10-30 03:12:11,671 [INFO] Epoch: 71, Accuracy: 46.15384615384615%
2023-10-30 03:12:13,959 [INFO] Epoch: 71, Batch: 10, Loss" 7.443328649969772e-05
2023-10-30 03:12:14,107 [INFO] Epoch: 71, Accuracy: 42.30769230769231%
2023-10-30 03:12:15,119 [INFO] Epoch: 72, Batch: 0, Loss" 3.893203393090516e-05
2023-10-30 03:12:15,275 [INFO] Epoch: 72, Accuracy: 42.30769230769231%
2023-10-30 03:12:17,626 [INFO] Epoch: 72, Batch: 10, Loss" 2.553297599661164e-05
2023-10-30 03:12:17,782 [INFO] Epoch: 72, Accuracy: 44.23076923076923%
2023-10-30 03:12:18,816 [INFO] Epoch: 73, Batch: 0, Loss" 1.8353759514866397e-05
2023-10-30 03:12:18,966 [INFO] Epoch: 73, Accuracy: 44.23076923076923%
2023-10-30 03:12:21,262 [INFO] Epoch: 73, Batch: 10, Loss" 2.6356021407991648e-05
2023-10-30 03:12:21,414 [INFO] Epoch: 73, Accuracy: 44.23076923076923%
2023-10-30 03:12:22,424 [INFO] Epoch: 74, Batch: 0, Loss" 1.3190168829169124e-05
2023-10-30 03:12:22,575 [INFO] Epoch: 74, Accuracy: 44.23076923076923%
2023-10-30 03:12:24,847 [INFO] Epoch: 74, Batch: 10, Loss" 6.25093343842309e-06
2023-10-30 03:12:24,992 [INFO] Epoch: 74, Accuracy: 42.30769230769231%
2023-10-30 03:12:26,006 [INFO] Epoch: 75, Batch: 0, Loss" 1.3067257896182127e-05
2023-10-30 03:12:26,158 [INFO] Epoch: 75, Accuracy: 44.23076923076923%
2023-10-30 03:12:28,477 [INFO] Epoch: 75, Batch: 10, Loss" 4.56341149401851e-06
2023-10-30 03:12:28,638 [INFO] Epoch: 75, Accuracy: 42.30769230769231%
2023-10-30 03:12:29,650 [INFO] Epoch: 76, Batch: 0, Loss" 1.794307718228083e-05
2023-10-30 03:12:29,801 [INFO] Epoch: 76, Accuracy: 44.23076923076923%
2023-10-30 03:12:32,128 [INFO] Epoch: 76, Batch: 10, Loss" 1.3883599422115367e-05
2023-10-30 03:12:32,280 [INFO] Epoch: 76, Accuracy: 44.23076923076923%
2023-10-30 03:12:33,305 [INFO] Epoch: 77, Batch: 0, Loss" 8.65356378199067e-06
2023-10-30 03:12:33,448 [INFO] Epoch: 77, Accuracy: 44.23076923076923%
2023-10-30 03:12:35,738 [INFO] Epoch: 77, Batch: 10, Loss" 8.68699589773314e-06
2023-10-30 03:12:35,896 [INFO] Epoch: 77, Accuracy: 44.23076923076923%
2023-10-30 03:12:36,926 [INFO] Epoch: 78, Batch: 0, Loss" 9.413553016202059e-06
2023-10-30 03:12:37,068 [INFO] Epoch: 78, Accuracy: 44.23076923076923%
2023-10-30 03:12:39,479 [INFO] Epoch: 78, Batch: 10, Loss" 4.298937255953206e-06
2023-10-30 03:12:39,656 [INFO] Epoch: 78, Accuracy: 44.23076923076923%
2023-10-30 03:12:40,894 [INFO] Epoch: 79, Batch: 0, Loss" 3.099421746810549e-06
2023-10-30 03:12:41,074 [INFO] Epoch: 79, Accuracy: 42.30769230769231%
2023-10-30 03:12:43,676 [INFO] Epoch: 79, Batch: 10, Loss" 1.810481762731797e-06
2023-10-30 03:12:43,852 [INFO] Epoch: 79, Accuracy: 42.30769230769231%
2023-10-30 03:12:45,069 [INFO] Epoch: 80, Batch: 0, Loss" 4.183433247817447e-06
2023-10-30 03:12:45,241 [INFO] Epoch: 80, Accuracy: 42.30769230769231%
2023-10-30 03:12:47,778 [INFO] Epoch: 80, Batch: 10, Loss" 5.680979484168347e-06
2023-10-30 03:12:47,923 [INFO] Epoch: 80, Accuracy: 44.23076923076923%
2023-10-30 03:12:49,108 [INFO] Epoch: 81, Batch: 0, Loss" 7.156032552302349e-06
2023-10-30 03:12:49,299 [INFO] Epoch: 81, Accuracy: 44.23076923076923%
2023-10-30 03:12:52,133 [INFO] Epoch: 81, Batch: 10, Loss" 2.767847490758868e-06
2023-10-30 03:12:52,315 [INFO] Epoch: 81, Accuracy: 42.30769230769231%
2023-10-30 03:12:53,494 [INFO] Epoch: 82, Batch: 0, Loss" 3.546430662026978e-06
2023-10-30 03:12:53,712 [INFO] Epoch: 82, Accuracy: 42.30769230769231%
2023-10-30 03:12:56,248 [INFO] Epoch: 82, Batch: 10, Loss" 1.6838138208186137e-06
2023-10-30 03:12:56,404 [INFO] Epoch: 82, Accuracy: 42.30769230769231%
2023-10-30 03:12:57,432 [INFO] Epoch: 83, Batch: 0, Loss" 1.8253834923598333e-06
2023-10-30 03:12:57,577 [INFO] Epoch: 83, Accuracy: 42.30769230769231%
2023-10-30 03:13:00,180 [INFO] Epoch: 83, Batch: 10, Loss" 7.0108230829646345e-06
2023-10-30 03:13:00,383 [INFO] Epoch: 83, Accuracy: 42.30769230769231%
2023-10-30 03:13:01,554 [INFO] Epoch: 84, Batch: 0, Loss" 6.55647795611003e-07
2023-10-30 03:13:01,735 [INFO] Epoch: 84, Accuracy: 42.30769230769231%
2023-10-30 03:13:04,201 [INFO] Epoch: 84, Batch: 10, Loss" 3.1105666948860744e-06
2023-10-30 03:13:04,345 [INFO] Epoch: 84, Accuracy: 42.30769230769231%
2023-10-30 03:13:05,418 [INFO] Epoch: 85, Batch: 0, Loss" 3.4495619729568716e-06
2023-10-30 03:13:05,597 [INFO] Epoch: 85, Accuracy: 42.30769230769231%
2023-10-30 03:13:08,162 [INFO] Epoch: 85, Batch: 10, Loss" 5.0327666940575e-06
2023-10-30 03:13:08,339 [INFO] Epoch: 85, Accuracy: 42.30769230769231%
2023-10-30 03:13:09,469 [INFO] Epoch: 86, Batch: 0, Loss" 2.2500551040138816e-06
2023-10-30 03:13:09,641 [INFO] Epoch: 86, Accuracy: 42.30769230769231%
2023-10-30 03:13:12,197 [INFO] Epoch: 86, Batch: 10, Loss" 1.5646060091967229e-06
2023-10-30 03:13:12,374 [INFO] Epoch: 86, Accuracy: 40.38461538461539%
2023-10-30 03:13:13,509 [INFO] Epoch: 87, Batch: 0, Loss" 4.470342105378222e-07
2023-10-30 03:13:13,650 [INFO] Epoch: 87, Accuracy: 40.38461538461539%
2023-10-30 03:13:15,923 [INFO] Epoch: 87, Batch: 10, Loss" 9.462132197768369e-07
2023-10-30 03:13:16,068 [INFO] Epoch: 87, Accuracy: 42.30769230769231%
2023-10-30 03:13:17,069 [INFO] Epoch: 88, Batch: 0, Loss" 1.28893907458405e-06
2023-10-30 03:13:17,218 [INFO] Epoch: 88, Accuracy: 42.30769230769231%
2023-10-30 03:13:19,469 [INFO] Epoch: 88, Batch: 10, Loss" 7.376039548034896e-07
2023-10-30 03:13:19,618 [INFO] Epoch: 88, Accuracy: 40.38461538461539%
2023-10-30 03:13:20,637 [INFO] Epoch: 89, Batch: 0, Loss" 7.413300409098156e-07
2023-10-30 03:13:20,780 [INFO] Epoch: 89, Accuracy: 42.30769230769231%
2023-10-30 03:13:23,144 [INFO] Epoch: 89, Batch: 10, Loss" 1.4193235529091908e-06
2023-10-30 03:13:23,317 [INFO] Epoch: 89, Accuracy: 42.30769230769231%
2023-10-30 03:13:24,466 [INFO] Epoch: 90, Batch: 0, Loss" 1.2665981330428622e-07
2023-10-30 03:13:24,643 [INFO] Epoch: 90, Accuracy: 42.30769230769231%
2023-10-30 03:13:27,213 [INFO] Epoch: 90, Batch: 10, Loss" 2.432585461065173e-06
2023-10-30 03:13:27,383 [INFO] Epoch: 90, Accuracy: 42.30769230769231%
2023-10-30 03:13:28,510 [INFO] Epoch: 91, Batch: 0, Loss" 4.842863177145773e-07
2023-10-30 03:13:28,682 [INFO] Epoch: 91, Accuracy: 42.30769230769231%
2023-10-30 03:13:31,176 [INFO] Epoch: 91, Batch: 10, Loss" 2.8200222459418e-06
2023-10-30 03:13:31,348 [INFO] Epoch: 91, Accuracy: 42.30769230769231%
2023-10-30 03:13:32,503 [INFO] Epoch: 92, Batch: 0, Loss" 1.7732221522237523e-06
2023-10-30 03:13:32,682 [INFO] Epoch: 92, Accuracy: 42.30769230769231%
2023-10-30 03:13:35,113 [INFO] Epoch: 92, Batch: 10, Loss" 3.0994106055004522e-06
2023-10-30 03:13:35,260 [INFO] Epoch: 92, Accuracy: 42.30769230769231%
2023-10-30 03:13:36,252 [INFO] Epoch: 93, Batch: 0, Loss" 1.0728814459071145e-06
2023-10-30 03:13:36,393 [INFO] Epoch: 93, Accuracy: 40.38461538461539%
2023-10-30 03:13:38,648 [INFO] Epoch: 93, Batch: 10, Loss" 3.077056362599251e-06
2023-10-30 03:13:38,793 [INFO] Epoch: 93, Accuracy: 42.30769230769231%
2023-10-30 03:13:39,809 [INFO] Epoch: 94, Batch: 0, Loss" 1.6055888636401505e-06
2023-10-30 03:13:39,958 [INFO] Epoch: 94, Accuracy: 42.30769230769231%
2023-10-30 03:13:42,262 [INFO] Epoch: 94, Batch: 10, Loss" 2.466062596795382e-06
2023-10-30 03:13:42,439 [INFO] Epoch: 94, Accuracy: 42.30769230769231%
2023-10-30 03:13:43,605 [INFO] Epoch: 95, Batch: 0, Loss" 2.1569278487731935e-06
2023-10-30 03:13:43,775 [INFO] Epoch: 95, Accuracy: 42.30769230769231%
2023-10-30 03:13:46,318 [INFO] Epoch: 95, Batch: 10, Loss" 2.216533403043286e-06
2023-10-30 03:13:46,489 [INFO] Epoch: 95, Accuracy: 42.30769230769231%
2023-10-30 03:13:47,634 [INFO] Epoch: 96, Batch: 0, Loss" 1.6055917058110936e-06
2023-10-30 03:13:47,820 [INFO] Epoch: 96, Accuracy: 40.38461538461539%
2023-10-30 03:13:50,493 [INFO] Epoch: 96, Batch: 10, Loss" 7.860326149966568e-07
2023-10-30 03:13:50,667 [INFO] Epoch: 96, Accuracy: 42.30769230769231%
2023-10-30 03:13:51,837 [INFO] Epoch: 97, Batch: 0, Loss" 2.048908100960034e-07
2023-10-30 03:13:52,014 [INFO] Epoch: 97, Accuracy: 40.38461538461539%
2023-10-30 03:13:54,461 [INFO] Epoch: 97, Batch: 10, Loss" 1.2069879176124232e-06
2023-10-30 03:13:54,596 [INFO] Epoch: 97, Accuracy: 42.30769230769231%
2023-10-30 03:13:55,584 [INFO] Epoch: 98, Batch: 0, Loss" 4.0605601725474116e-07
2023-10-30 03:13:55,723 [INFO] Epoch: 98, Accuracy: 42.30769230769231%
2023-10-30 03:13:57,898 [INFO] Epoch: 98, Batch: 10, Loss" 4.2840719061132404e-07
2023-10-30 03:13:58,038 [INFO] Epoch: 98, Accuracy: 42.30769230769231%
2023-10-30 03:13:59,011 [INFO] Epoch: 99, Batch: 0, Loss" 8.0838526628213e-07
2023-10-30 03:13:59,153 [INFO] Epoch: 99, Accuracy: 40.38461538461539%
2023-10-30 03:14:01,375 [INFO] Epoch: 99, Batch: 10, Loss" 5.848677346875775e-07
2023-10-30 03:14:01,516 [INFO] Epoch: 99, Accuracy: 42.30769230769231%
2023-10-30 03:14:02,516 [INFO] Epoch: 100, Batch: 0, Loss" 3.278250346738787e-07
2023-10-30 03:14:02,649 [INFO] Epoch: 100, Accuracy: 42.30769230769231%
2023-10-30 03:14:04,886 [INFO] Epoch: 100, Batch: 10, Loss" 7.338791760957974e-07
2023-10-30 03:14:05,023 [INFO] Epoch: 100, Accuracy: 40.38461538461539%
2023-10-30 03:14:06,098 [INFO] Epoch: 101, Batch: 0, Loss" 2.2724253767592018e-07
2023-10-30 03:14:06,263 [INFO] Epoch: 101, Accuracy: 42.30769230769231%
2023-10-30 03:14:08,596 [INFO] Epoch: 101, Batch: 10, Loss" 5.625176981993718e-07
2023-10-30 03:14:08,733 [INFO] Epoch: 101, Accuracy: 42.30769230769231%
2023-10-30 03:14:09,686 [INFO] Epoch: 102, Batch: 0, Loss" 1.0319021157556563e-06
2023-10-30 03:14:09,820 [INFO] Epoch: 102, Accuracy: 42.30769230769231%
2023-10-30 03:14:11,987 [INFO] Epoch: 102, Batch: 10, Loss" 2.0563493308145553e-06
2023-10-30 03:14:12,125 [INFO] Epoch: 102, Accuracy: 42.30769230769231%
2023-10-30 03:14:13,148 [INFO] Epoch: 103, Batch: 0, Loss" 6.332979296530539e-07
2023-10-30 03:14:13,297 [INFO] Epoch: 103, Accuracy: 42.30769230769231%
2023-10-30 03:14:15,644 [INFO] Epoch: 103, Batch: 10, Loss" 7.562307473563123e-07
2023-10-30 03:14:15,789 [INFO] Epoch: 103, Accuracy: 42.30769230769231%
2023-10-30 03:14:16,824 [INFO] Epoch: 104, Batch: 0, Loss" 1.2069881449860986e-06
2023-10-30 03:14:16,968 [INFO] Epoch: 104, Accuracy: 42.30769230769231%
2023-10-30 03:14:19,210 [INFO] Epoch: 104, Batch: 10, Loss" 4.097813359749125e-07
2023-10-30 03:14:19,345 [INFO] Epoch: 104, Accuracy: 42.30769230769231%
2023-10-30 03:14:20,318 [INFO] Epoch: 105, Batch: 0, Loss" 1.341103512686459e-07
2023-10-30 03:14:20,456 [INFO] Epoch: 105, Accuracy: 42.30769230769231%
2023-10-30 03:14:22,629 [INFO] Epoch: 105, Batch: 10, Loss" 5.885948439754429e-07
2023-10-30 03:14:22,772 [INFO] Epoch: 105, Accuracy: 42.30769230769231%
2023-10-30 03:14:23,723 [INFO] Epoch: 106, Batch: 0, Loss" 5.103623266222712e-07
2023-10-30 03:14:23,862 [INFO] Epoch: 106, Accuracy: 42.30769230769231%
2023-10-30 03:14:26,026 [INFO] Epoch: 106, Batch: 10, Loss" 5.103638045511616e-07
2023-10-30 03:14:26,171 [INFO] Epoch: 106, Accuracy: 42.30769230769231%
2023-10-30 03:14:27,136 [INFO] Epoch: 107, Batch: 0, Loss" 4.54484194278848e-07
2023-10-30 03:14:27,273 [INFO] Epoch: 107, Accuracy: 42.30769230769231%
2023-10-30 03:14:29,438 [INFO] Epoch: 107, Batch: 10, Loss" 3.0919861160327855e-07
2023-10-30 03:14:29,573 [INFO] Epoch: 107, Accuracy: 42.30769230769231%
2023-10-30 03:14:30,539 [INFO] Epoch: 108, Batch: 0, Loss" 3.203745677637926e-07
2023-10-30 03:14:30,677 [INFO] Epoch: 108, Accuracy: 42.30769230769231%
2023-10-30 03:14:32,886 [INFO] Epoch: 108, Batch: 10, Loss" 1.7881374958506058e-07
2023-10-30 03:14:33,019 [INFO] Epoch: 108, Accuracy: 40.38461538461539%
2023-10-30 03:14:33,981 [INFO] Epoch: 109, Batch: 0, Loss" 1.192092469182171e-07
2023-10-30 03:14:34,118 [INFO] Epoch: 109, Accuracy: 42.30769230769231%
2023-10-30 03:14:36,282 [INFO] Epoch: 109, Batch: 10, Loss" 1.3783565577796253e-07
2023-10-30 03:14:36,416 [INFO] Epoch: 109, Accuracy: 42.30769230769231%
2023-10-30 03:14:37,367 [INFO] Epoch: 110, Batch: 0, Loss" 2.123410780541235e-07
2023-10-30 03:14:37,500 [INFO] Epoch: 110, Accuracy: 42.30769230769231%
2023-10-30 03:14:39,634 [INFO] Epoch: 110, Batch: 10, Loss" 7.413286766677629e-07
2023-10-30 03:14:39,772 [INFO] Epoch: 110, Accuracy: 42.30769230769231%
2023-10-30 03:14:40,727 [INFO] Epoch: 111, Batch: 0, Loss" 5.84869155773049e-07
2023-10-30 03:14:40,864 [INFO] Epoch: 111, Accuracy: 42.30769230769231%
2023-10-30 03:14:43,038 [INFO] Epoch: 111, Batch: 10, Loss" 7.525058549617825e-07
2023-10-30 03:14:43,171 [INFO] Epoch: 111, Accuracy: 42.30769230769231%
2023-10-30 03:14:44,133 [INFO] Epoch: 112, Batch: 0, Loss" 8.940693874137651e-08
2023-10-30 03:14:44,271 [INFO] Epoch: 112, Accuracy: 42.30769230769231%
2023-10-30 03:14:46,606 [INFO] Epoch: 112, Batch: 10, Loss" 4.470325905003847e-07
2023-10-30 03:14:46,746 [INFO] Epoch: 112, Accuracy: 42.30769230769231%
2023-10-30 03:14:47,711 [INFO] Epoch: 113, Batch: 0, Loss" 5.178143851480854e-07
2023-10-30 03:14:47,851 [INFO] Epoch: 113, Accuracy: 40.38461538461539%
2023-10-30 03:14:50,079 [INFO] Epoch: 113, Batch: 10, Loss" 5.066387416263751e-07
2023-10-30 03:14:50,221 [INFO] Epoch: 113, Accuracy: 42.30769230769231%
2023-10-30 03:14:51,181 [INFO] Epoch: 114, Batch: 0, Loss" 6.370232199515158e-07
2023-10-30 03:14:51,317 [INFO] Epoch: 114, Accuracy: 42.30769230769231%
2023-10-30 03:14:53,509 [INFO] Epoch: 114, Batch: 10, Loss" 2.4214352833951125e-07
2023-10-30 03:14:53,643 [INFO] Epoch: 114, Accuracy: 42.30769230769231%
2023-10-30 03:14:54,734 [INFO] Epoch: 115, Batch: 0, Loss" 1.1920923981278975e-07
2023-10-30 03:14:54,876 [INFO] Epoch: 115, Accuracy: 42.30769230769231%
2023-10-30 03:14:57,026 [INFO] Epoch: 115, Batch: 10, Loss" 8.568164844291459e-08
2023-10-30 03:14:57,167 [INFO] Epoch: 115, Accuracy: 42.30769230769231%
2023-10-30 03:14:58,115 [INFO] Epoch: 116, Batch: 0, Loss" 3.9488006109422713e-07
2023-10-30 03:14:58,255 [INFO] Epoch: 116, Accuracy: 42.30769230769231%
2023-10-30 03:15:00,401 [INFO] Epoch: 116, Batch: 10, Loss" 2.0861602934019174e-07
2023-10-30 03:15:00,535 [INFO] Epoch: 116, Accuracy: 42.30769230769231%
2023-10-30 03:15:01,493 [INFO] Epoch: 117, Batch: 0, Loss" 7.450577044210149e-08
2023-10-30 03:15:01,635 [INFO] Epoch: 117, Accuracy: 42.30769230769231%
